<?xml version="1.0" encoding="UTF-8"?>
<!-- Generated by org.testng.reporters.JUnitXMLReporter -->
<testsuite hostname="ISIPL-PUNV-L384" ignored="0" name="Default test" tests="6" failures="0" timestamp="2022-09-16T17:26:13 IST" time="4.312" errors="0">
  <testcase name="doForgot" time="0.045" classname="testCases.TestCase1"/>
  <testcase name="doLogin" time="0.003" classname="testCases.TestCase1"/>
  <testcase name="doRegi" time="0.0" classname="testCases.TestCase1"/>
  <testcase name="doSkip" time="0.004" classname="testCases.TestCase1"/>
  <testcase name="googletest" time="0.003" classname="testCases.TestCase1"/>
  <testcase name="wikiTestCase" time="4.151" classname="testCases.TestCase1"/>
</testsuite> <!-- Default test -->
